{"C:\\Users\\Rc-2022\\Desktop\\Course Node JS Gaza Sky Geeks\\Task-7-Mini-Project-TypeScript-Express-Module-Architecture-\\src\\server.ts": {"path":"C:\\Users\\Rc-2022\\Desktop\\Course Node JS Gaza Sky Geeks\\Task-7-Mini-Project-TypeScript-Express-Module-Architecture-\\src\\server.ts","statementMap":{"0":{"start":{"line":2,"column":0},"end":{"line":2,"column":23}},"1":{"start":{"line":3,"column":0},"end":{"line":3,"column":67}},"2":{"start":{"line":4,"column":0},"end":{"line":4,"column":38}},"3":{"start":{"line":5,"column":0},"end":{"line":5,"column":59}},"4":{"start":{"line":6,"column":0},"end":{"line":6,"column":51}},"5":{"start":{"line":7,"column":0},"end":{"line":7,"column":51}},"6":{"start":{"line":8,"column":0},"end":{"line":8,"column":59}},"7":{"start":{"line":9,"column":0},"end":{"line":9,"column":49}},"8":{"start":{"line":11,"column":12},"end":{"line":11,"column":21}},"9":{"start":{"line":13,"column":0},"end":{"line":13,"column":24}},"10":{"start":{"line":14,"column":0},"end":{"line":20,"column":2}},"11":{"start":{"line":22,"column":0},"end":{"line":22,"column":29}},"12":{"start":{"line":23,"column":0},"end":{"line":23,"column":30}},"13":{"start":{"line":24,"column":0},"end":{"line":24,"column":34}},"14":{"start":{"line":26,"column":0},"end":{"line":28,"column":3}},"15":{"start":{"line":27,"column":2},"end":{"line":27,"column":42}},"16":{"start":{"line":30,"column":0},"end":{"line":32,"column":3}},"17":{"start":{"line":31,"column":2},"end":{"line":31,"column":24}},"18":{"start":{"line":34,"column":0},"end":{"line":34,"column":19}},"19":{"start":{"line":37,"column":0},"end":{"line":41,"column":1}},"20":{"start":{"line":38,"column":2},"end":{"line":40,"column":5}},"21":{"start":{"line":39,"column":4},"end":{"line":39,"column":50}}},"fnMap":{"0":{"name":"(anonymous_1)","decl":{"start":{"line":26,"column":8},"end":{"line":26,"column":9}},"loc":{"start":{"line":26,"column":41},"end":{"line":28,"column":1}}},"1":{"name":"(anonymous_2)","decl":{"start":{"line":30,"column":8},"end":{"line":30,"column":9}},"loc":{"start":{"line":30,"column":76},"end":{"line":32,"column":1}}},"2":{"name":"(anonymous_3)","decl":{"start":{"line":38,"column":19},"end":{"line":38,"column":22}},"loc":{"start":{"line":38,"column":24},"end":{"line":40,"column":3}}}},"branchMap":{"0":{"loc":{"start":{"line":37,"column":0},"end":{"line":41,"column":1}},"type":"if","locations":[{"start":{"line":37,"column":0},"end":{"line":41,"column":1}},{"start":{},"end":{}}]}},"s":{"0":2,"1":2,"2":2,"3":2,"4":2,"5":2,"6":2,"7":2,"8":2,"9":2,"10":2,"11":2,"12":2,"13":2,"14":2,"15":0,"16":2,"17":4,"18":2,"19":2,"20":0,"21":0},"f":{"0":0,"1":4,"2":0},"b":{"0":[0,2]}}
,"C:\\Users\\Rc-2022\\Desktop\\Course Node JS Gaza Sky Geeks\\Task-7-Mini-Project-TypeScript-Express-Module-Architecture-\\src\\config\\app.config.ts": {"path":"C:\\Users\\Rc-2022\\Desktop\\Course Node JS Gaza Sky Geeks\\Task-7-Mini-Project-TypeScript-Express-Module-Architecture-\\src\\config\\app.config.ts","statementMap":{"0":{"start":{"line":1,"column":0},"end":{"line":1,"column":47}},"1":{"start":{"line":3,"column":13},"end":{"line":3,"column":71}},"2":{"start":{"line":4,"column":13},"end":{"line":4,"column":42}},"3":{"start":{"line":5,"column":13},"end":{"line":5,"column":54}},"4":{"start":{"line":6,"column":13},"end":{"line":6,"column":62}}},"fnMap":{},"branchMap":{},"s":{"0":2,"1":2,"2":2,"3":2,"4":2},"f":{},"b":{}}
,"C:\\Users\\Rc-2022\\Desktop\\Course Node JS Gaza Sky Geeks\\Task-7-Mini-Project-TypeScript-Express-Module-Architecture-\\src\\config\\multer.config.ts": {"path":"C:\\Users\\Rc-2022\\Desktop\\Course Node JS Gaza Sky Geeks\\Task-7-Mini-Project-TypeScript-Express-Module-Architecture-\\src\\config\\multer.config.ts","statementMap":{"0":{"start":{"line":1,"column":0},"end":{"line":1,"column":28}},"1":{"start":{"line":2,"column":0},"end":{"line":2,"column":24}},"2":{"start":{"line":4,"column":22},"end":{"line":4,"column":56}},"3":{"start":{"line":6,"column":13},"end":{"line":26,"column":3}},"4":{"start":{"line":9,"column":6},"end":{"line":9,"column":30}},"5":{"start":{"line":12,"column":25},"end":{"line":12,"column":109}},"6":{"start":{"line":13,"column":6},"end":{"line":13,"column":27}},"7":{"start":{"line":20,"column":4},"end":{"line":24,"column":5}},"8":{"start":{"line":21,"column":6},"end":{"line":21,"column":21}},"9":{"start":{"line":23,"column":6},"end":{"line":23,"column":54}},"10":{"start":{"line":28,"column":28},"end":{"line":28,"column":81}},"11":{"start":{"line":28,"column":51},"end":{"line":28,"column":81}},"12":{"start":{"line":28,"column":13},"end":{"line":28,"column":28}},"13":{"start":{"line":29,"column":30},"end":{"line":29,"column":110}},"14":{"start":{"line":29,"column":71},"end":{"line":29,"column":110}},"15":{"start":{"line":29,"column":13},"end":{"line":29,"column":30}}},"fnMap":{"0":{"name":"(anonymous_1)","decl":{"start":{"line":8,"column":17},"end":{"line":8,"column":18}},"loc":{"start":{"line":8,"column":37},"end":{"line":10,"column":5}}},"1":{"name":"(anonymous_2)","decl":{"start":{"line":11,"column":14},"end":{"line":11,"column":15}},"loc":{"start":{"line":11,"column":33},"end":{"line":14,"column":5}}},"2":{"name":"(anonymous_3)","decl":{"start":{"line":19,"column":14},"end":{"line":19,"column":15}},"loc":{"start":{"line":19,"column":33},"end":{"line":25,"column":3}}},"3":{"name":"(anonymous_4)","decl":{"start":{"line":28,"column":28},"end":{"line":28,"column":29}},"loc":{"start":{"line":28,"column":51},"end":{"line":28,"column":81}}},"4":{"name":"(anonymous_5)","decl":{"start":{"line":29,"column":30},"end":{"line":29,"column":31}},"loc":{"start":{"line":29,"column":71},"end":{"line":29,"column":110}}}},"branchMap":{"0":{"loc":{"start":{"line":20,"column":4},"end":{"line":24,"column":5}},"type":"if","locations":[{"start":{"line":20,"column":4},"end":{"line":24,"column":5}},{"start":{"line":22,"column":11},"end":{"line":24,"column":5}}]}},"s":{"0":2,"1":2,"2":2,"3":2,"4":0,"5":0,"6":0,"7":0,"8":0,"9":0,"10":2,"11":4,"12":2,"13":2,"14":0,"15":2},"f":{"0":0,"1":0,"2":0,"3":4,"4":0},"b":{"0":[0,0]}}
,"C:\\Users\\Rc-2022\\Desktop\\Course Node JS Gaza Sky Geeks\\Task-7-Mini-Project-TypeScript-Express-Module-Architecture-\\src\\module\\auth\\auth.controller.ts": {"path":"C:\\Users\\Rc-2022\\Desktop\\Course Node JS Gaza Sky Geeks\\Task-7-Mini-Project-TypeScript-Express-Module-Architecture-\\src\\module\\auth\\auth.controller.ts","statementMap":{"0":{"start":{"line":2,"column":0},"end":{"line":2,"column":45}},"1":{"start":{"line":7,"column":17},"end":{"line":7,"column":53}},"2":{"start":{"line":9,"column":4},"end":{"line":11,"column":7}},"3":{"start":{"line":15,"column":19},"end":{"line":15,"column":52}},"4":{"start":{"line":16,"column":4},"end":{"line":16,"column":40}},"5":{"start":{"line":20,"column":13},"end":{"line":20,"column":51}}},"fnMap":{"0":{"name":"(anonymous_0)","decl":{"start":{"line":6,"column":2},"end":{"line":6,"column":7}},"loc":{"start":{"line":6,"column":44},"end":{"line":12,"column":3}}},"1":{"name":"(anonymous_1)","decl":{"start":{"line":14,"column":2},"end":{"line":14,"column":7}},"loc":{"start":{"line":14,"column":41},"end":{"line":17,"column":3}}}},"branchMap":{},"s":{"0":2,"1":0,"2":0,"3":0,"4":0,"5":2},"f":{"0":0,"1":0},"b":{}}
,"C:\\Users\\Rc-2022\\Desktop\\Course Node JS Gaza Sky Geeks\\Task-7-Mini-Project-TypeScript-Express-Module-Architecture-\\src\\module\\auth\\auth.routes.ts": {"path":"C:\\Users\\Rc-2022\\Desktop\\Course Node JS Gaza Sky Geeks\\Task-7-Mini-Project-TypeScript-Express-Module-Architecture-\\src\\module\\auth\\auth.routes.ts","statementMap":{"0":{"start":{"line":1,"column":0},"end":{"line":1,"column":33}},"1":{"start":{"line":2,"column":0},"end":{"line":2,"column":51}},"2":{"start":{"line":4,"column":15},"end":{"line":4,"column":23}},"3":{"start":{"line":6,"column":0},"end":{"line":6,"column":71}},"4":{"start":{"line":7,"column":0},"end":{"line":7,"column":65}},"5":{"start":{"line":9,"column":0},"end":{"line":9,"column":22}}},"fnMap":{},"branchMap":{},"s":{"0":2,"1":2,"2":2,"3":2,"4":2,"5":2},"f":{},"b":{}}
,"C:\\Users\\Rc-2022\\Desktop\\Course Node JS Gaza Sky Geeks\\Task-7-Mini-Project-TypeScript-Express-Module-Architecture-\\src\\module\\auth\\auth.service.ts": {"path":"C:\\Users\\Rc-2022\\Desktop\\Course Node JS Gaza Sky Geeks\\Task-7-Mini-Project-TypeScript-Express-Module-Architecture-\\src\\module\\auth\\auth.service.ts","statementMap":{"0":{"start":{"line":1,"column":0},"end":{"line":1,"column":51}},"1":{"start":{"line":3,"column":0},"end":{"line":3,"column":53}},"2":{"start":{"line":4,"column":0},"end":{"line":4,"column":58}},"3":{"start":{"line":5,"column":0},"end":{"line":5,"column":69}},"4":{"start":{"line":6,"column":0},"end":{"line":6,"column":46}},"5":{"start":{"line":10,"column":25},"end":{"line":10,"column":59}},"6":{"start":{"line":11,"column":4},"end":{"line":13,"column":5}},"7":{"start":{"line":12,"column":6},"end":{"line":12,"column":86}},"8":{"start":{"line":15,"column":27},"end":{"line":15,"column":63}},"9":{"start":{"line":16,"column":17},"end":{"line":16,"column":80}},"10":{"start":{"line":17,"column":34},"end":{"line":17,"column":38}},"11":{"start":{"line":18,"column":4},"end":{"line":18,"column":16}},"12":{"start":{"line":22,"column":17},"end":{"line":22,"column":51}},"13":{"start":{"line":23,"column":4},"end":{"line":25,"column":5}},"14":{"start":{"line":24,"column":6},"end":{"line":24,"column":80}},"15":{"start":{"line":27,"column":18},"end":{"line":27,"column":69}},"16":{"start":{"line":28,"column":4},"end":{"line":30,"column":5}},"17":{"start":{"line":29,"column":6},"end":{"line":29,"column":86}},"18":{"start":{"line":32,"column":18},"end":{"line":32,"column":67}},"19":{"start":{"line":33,"column":38},"end":{"line":33,"column":42}},"20":{"start":{"line":34,"column":4},"end":{"line":34,"column":37}},"21":{"start":{"line":38,"column":13},"end":{"line":38,"column":45}}},"fnMap":{"0":{"name":"(anonymous_0)","decl":{"start":{"line":9,"column":2},"end":{"line":9,"column":7}},"loc":{"start":{"line":9,"column":34},"end":{"line":19,"column":3}}},"1":{"name":"(anonymous_1)","decl":{"start":{"line":21,"column":2},"end":{"line":21,"column":7}},"loc":{"start":{"line":21,"column":28},"end":{"line":35,"column":3}}}},"branchMap":{"0":{"loc":{"start":{"line":11,"column":4},"end":{"line":13,"column":5}},"type":"if","locations":[{"start":{"line":11,"column":4},"end":{"line":13,"column":5}},{"start":{},"end":{}}]},"1":{"loc":{"start":{"line":23,"column":4},"end":{"line":25,"column":5}},"type":"if","locations":[{"start":{"line":23,"column":4},"end":{"line":25,"column":5}},{"start":{},"end":{}}]},"2":{"loc":{"start":{"line":28,"column":4},"end":{"line":30,"column":5}},"type":"if","locations":[{"start":{"line":28,"column":4},"end":{"line":30,"column":5}},{"start":{},"end":{}}]}},"s":{"0":2,"1":2,"2":2,"3":2,"4":2,"5":0,"6":0,"7":0,"8":0,"9":0,"10":0,"11":0,"12":0,"13":0,"14":0,"15":0,"16":0,"17":0,"18":0,"19":0,"20":0,"21":2},"f":{"0":0,"1":0},"b":{"0":[0,0],"1":[0,0],"2":[0,0]}}
,"C:\\Users\\Rc-2022\\Desktop\\Course Node JS Gaza Sky Geeks\\Task-7-Mini-Project-TypeScript-Express-Module-Architecture-\\src\\module\\auth\\util\\argon.util.ts": {"path":"C:\\Users\\Rc-2022\\Desktop\\Course Node JS Gaza Sky Geeks\\Task-7-Mini-Project-TypeScript-Express-Module-Architecture-\\src\\module\\auth\\util\\argon.util.ts","statementMap":{"0":{"start":{"line":1,"column":0},"end":{"line":1,"column":28}},"1":{"start":{"line":3,"column":31},"end":{"line":5,"column":1}},"2":{"start":{"line":4,"column":2},"end":{"line":4,"column":32}},"3":{"start":{"line":3,"column":13},"end":{"line":3,"column":31}},"4":{"start":{"line":7,"column":31},"end":{"line":9,"column":1}},"5":{"start":{"line":8,"column":2},"end":{"line":8,"column":47}},"6":{"start":{"line":7,"column":13},"end":{"line":7,"column":31}}},"fnMap":{"0":{"name":"(anonymous_1)","decl":{"start":{"line":3,"column":31},"end":{"line":3,"column":36}},"loc":{"start":{"line":3,"column":76},"end":{"line":5,"column":1}}},"1":{"name":"(anonymous_2)","decl":{"start":{"line":7,"column":31},"end":{"line":7,"column":36}},"loc":{"start":{"line":7,"column":98},"end":{"line":9,"column":1}}}},"branchMap":{},"s":{"0":2,"1":2,"2":7,"3":2,"4":2,"5":0,"6":2},"f":{"0":7,"1":0},"b":{}}
,"C:\\Users\\Rc-2022\\Desktop\\Course Node JS Gaza Sky Geeks\\Task-7-Mini-Project-TypeScript-Express-Module-Architecture-\\src\\module\\auth\\util\\jwt.util.ts": {"path":"C:\\Users\\Rc-2022\\Desktop\\Course Node JS Gaza Sky Geeks\\Task-7-Mini-Project-TypeScript-Express-Module-Architecture-\\src\\module\\auth\\util\\jwt.util.ts","statementMap":{"0":{"start":{"line":1,"column":0},"end":{"line":1,"column":60}},"1":{"start":{"line":2,"column":0},"end":{"line":2,"column":53}},"2":{"start":{"line":4,"column":19},"end":{"line":4,"column":46}},"3":{"start":{"line":6,"column":27},"end":{"line":9,"column":1}},"4":{"start":{"line":7,"column":31},"end":{"line":7,"column":50}},"5":{"start":{"line":8,"column":2},"end":{"line":8,"column":48}},"6":{"start":{"line":6,"column":13},"end":{"line":6,"column":27}},"7":{"start":{"line":11,"column":25},"end":{"line":13,"column":1}},"8":{"start":{"line":12,"column":2},"end":{"line":12,"column":39}},"9":{"start":{"line":11,"column":13},"end":{"line":11,"column":25}}},"fnMap":{"0":{"name":"(anonymous_1)","decl":{"start":{"line":6,"column":27},"end":{"line":6,"column":28}},"loc":{"start":{"line":6,"column":68},"end":{"line":9,"column":1}}},"1":{"name":"(anonymous_2)","decl":{"start":{"line":11,"column":25},"end":{"line":11,"column":26}},"loc":{"start":{"line":11,"column":64},"end":{"line":13,"column":1}}}},"branchMap":{},"s":{"0":2,"1":2,"2":2,"3":2,"4":7,"5":7,"6":2,"7":2,"8":7,"9":2},"f":{"0":7,"1":7},"b":{}}
,"C:\\Users\\Rc-2022\\Desktop\\Course Node JS Gaza Sky Geeks\\Task-7-Mini-Project-TypeScript-Express-Module-Architecture-\\src\\module\\courses\\courses.controller.ts": {"path":"C:\\Users\\Rc-2022\\Desktop\\Course Node JS Gaza Sky Geeks\\Task-7-Mini-Project-TypeScript-Express-Module-Architecture-\\src\\module\\courses\\courses.controller.ts","statementMap":{"0":{"start":{"line":2,"column":0},"end":{"line":2,"column":50}},"1":{"start":{"line":3,"column":0},"end":{"line":3,"column":53}},"2":{"start":{"line":4,"column":0},"end":{"line":4,"column":58}},"3":{"start":{"line":8,"column":4},"end":{"line":13,"column":5}},"4":{"start":{"line":9,"column":22},"end":{"line":9,"column":44}},"5":{"start":{"line":10,"column":6},"end":{"line":10,"column":36}},"6":{"start":{"line":12,"column":6},"end":{"line":12,"column":16}},"7":{"start":{"line":17,"column":4},"end":{"line":27,"column":5}},"8":{"start":{"line":18,"column":17},"end":{"line":18,"column":30}},"9":{"start":{"line":19,"column":6},"end":{"line":19,"column":100}},"10":{"start":{"line":19,"column":15},"end":{"line":19,"column":100}},"11":{"start":{"line":21,"column":21},"end":{"line":21,"column":46}},"12":{"start":{"line":22,"column":6},"end":{"line":22,"column":97}},"13":{"start":{"line":22,"column":19},"end":{"line":22,"column":97}},"14":{"start":{"line":24,"column":6},"end":{"line":24,"column":35}},"15":{"start":{"line":26,"column":6},"end":{"line":26,"column":16}},"16":{"start":{"line":31,"column":4},"end":{"line":39,"column":5}},"17":{"start":{"line":32,"column":25},"end":{"line":32,"column":52}},"18":{"start":{"line":33,"column":6},"end":{"line":33,"column":100}},"19":{"start":{"line":33,"column":22},"end":{"line":33,"column":100}},"20":{"start":{"line":35,"column":21},"end":{"line":35,"column":69}},"21":{"start":{"line":36,"column":6},"end":{"line":36,"column":35}},"22":{"start":{"line":38,"column":6},"end":{"line":38,"column":16}},"23":{"start":{"line":43,"column":4},"end":{"line":56,"column":5}},"24":{"start":{"line":44,"column":17},"end":{"line":44,"column":30}},"25":{"start":{"line":45,"column":22},"end":{"line":45,"column":49}},"26":{"start":{"line":46,"column":20},"end":{"line":46,"column":45}},"27":{"start":{"line":48,"column":6},"end":{"line":50,"column":7}},"28":{"start":{"line":49,"column":8},"end":{"line":49,"column":86}},"29":{"start":{"line":52,"column":21},"end":{"line":52,"column":69}},"30":{"start":{"line":53,"column":6},"end":{"line":53,"column":35}},"31":{"start":{"line":55,"column":6},"end":{"line":55,"column":16}},"32":{"start":{"line":60,"column":4},"end":{"line":73,"column":5}},"33":{"start":{"line":61,"column":17},"end":{"line":61,"column":30}},"34":{"start":{"line":62,"column":22},"end":{"line":62,"column":49}},"35":{"start":{"line":63,"column":20},"end":{"line":63,"column":45}},"36":{"start":{"line":65,"column":6},"end":{"line":67,"column":7}},"37":{"start":{"line":66,"column":8},"end":{"line":66,"column":86}},"38":{"start":{"line":69,"column":6},"end":{"line":69,"column":45}},"39":{"start":{"line":70,"column":6},"end":{"line":70,"column":29}},"40":{"start":{"line":72,"column":6},"end":{"line":72,"column":16}},"41":{"start":{"line":6,"column":0},"end":{"line":6,"column":13}},"42":{"start":{"line":77,"column":13},"end":{"line":77,"column":55}}},"fnMap":{"0":{"name":"(anonymous_0)","decl":{"start":{"line":7,"column":2},"end":{"line":7,"column":8}},"loc":{"start":{"line":7,"column":56},"end":{"line":14,"column":3}}},"1":{"name":"(anonymous_1)","decl":{"start":{"line":16,"column":2},"end":{"line":16,"column":9}},"loc":{"start":{"line":16,"column":57},"end":{"line":28,"column":3}}},"2":{"name":"(anonymous_2)","decl":{"start":{"line":30,"column":2},"end":{"line":30,"column":8}},"loc":{"start":{"line":30,"column":56},"end":{"line":40,"column":3}}},"3":{"name":"(anonymous_3)","decl":{"start":{"line":42,"column":2},"end":{"line":42,"column":8}},"loc":{"start":{"line":42,"column":56},"end":{"line":57,"column":3}}},"4":{"name":"(anonymous_4)","decl":{"start":{"line":59,"column":2},"end":{"line":59,"column":8}},"loc":{"start":{"line":59,"column":56},"end":{"line":74,"column":3}}}},"branchMap":{"0":{"loc":{"start":{"line":19,"column":6},"end":{"line":19,"column":100}},"type":"if","locations":[{"start":{"line":19,"column":6},"end":{"line":19,"column":100}},{"start":{},"end":{}}]},"1":{"loc":{"start":{"line":22,"column":6},"end":{"line":22,"column":97}},"type":"if","locations":[{"start":{"line":22,"column":6},"end":{"line":22,"column":97}},{"start":{},"end":{}}]},"2":{"loc":{"start":{"line":33,"column":6},"end":{"line":33,"column":100}},"type":"if","locations":[{"start":{"line":33,"column":6},"end":{"line":33,"column":100}},{"start":{},"end":{}}]},"3":{"loc":{"start":{"line":48,"column":6},"end":{"line":50,"column":7}},"type":"if","locations":[{"start":{"line":48,"column":6},"end":{"line":50,"column":7}},{"start":{},"end":{}}]},"4":{"loc":{"start":{"line":48,"column":10},"end":{"line":48,"column":33}},"type":"binary-expr","locations":[{"start":{"line":48,"column":10},"end":{"line":48,"column":13}},{"start":{"line":48,"column":17},"end":{"line":48,"column":24}},{"start":{"line":48,"column":28},"end":{"line":48,"column":33}}]},"5":{"loc":{"start":{"line":65,"column":6},"end":{"line":67,"column":7}},"type":"if","locations":[{"start":{"line":65,"column":6},"end":{"line":67,"column":7}},{"start":{},"end":{}}]},"6":{"loc":{"start":{"line":65,"column":10},"end":{"line":65,"column":33}},"type":"binary-expr","locations":[{"start":{"line":65,"column":10},"end":{"line":65,"column":13}},{"start":{"line":65,"column":17},"end":{"line":65,"column":24}},{"start":{"line":65,"column":28},"end":{"line":65,"column":33}}]}},"s":{"0":2,"1":2,"2":2,"3":1,"4":1,"5":1,"6":0,"7":2,"8":2,"9":2,"10":0,"11":2,"12":2,"13":1,"14":1,"15":1,"16":3,"17":3,"18":3,"19":0,"20":3,"21":2,"22":1,"23":1,"24":1,"25":1,"26":1,"27":1,"28":0,"29":1,"30":1,"31":0,"32":1,"33":1,"34":1,"35":1,"36":1,"37":0,"38":1,"39":1,"40":0,"41":2,"42":2},"f":{"0":1,"1":2,"2":3,"3":1,"4":1},"b":{"0":[0,2],"1":[1,1],"2":[0,3],"3":[0,1],"4":[1,1,1],"5":[0,1],"6":[1,1,1]}}
,"C:\\Users\\Rc-2022\\Desktop\\Course Node JS Gaza Sky Geeks\\Task-7-Mini-Project-TypeScript-Express-Module-Architecture-\\src\\module\\courses\\courses.routes.ts": {"path":"C:\\Users\\Rc-2022\\Desktop\\Course Node JS Gaza Sky Geeks\\Task-7-Mini-Project-TypeScript-Express-Module-Architecture-\\src\\module\\courses\\courses.routes.ts","statementMap":{"0":{"start":{"line":1,"column":0},"end":{"line":1,"column":33}},"1":{"start":{"line":2,"column":0},"end":{"line":2,"column":79}},"2":{"start":{"line":3,"column":0},"end":{"line":3,"column":56}},"3":{"start":{"line":4,"column":0},"end":{"line":4,"column":58}},"4":{"start":{"line":7,"column":15},"end":{"line":7,"column":23}},"5":{"start":{"line":9,"column":0},"end":{"line":9,"column":64}},"6":{"start":{"line":10,"column":0},"end":{"line":10,"column":68}},"7":{"start":{"line":12,"column":0},"end":{"line":18,"column":2}},"8":{"start":{"line":20,"column":0},"end":{"line":26,"column":2}},"9":{"start":{"line":28,"column":0},"end":{"line":33,"column":2}},"10":{"start":{"line":35,"column":0},"end":{"line":35,"column":22}}},"fnMap":{},"branchMap":{},"s":{"0":2,"1":2,"2":2,"3":2,"4":2,"5":2,"6":2,"7":2,"8":2,"9":2,"10":2},"f":{},"b":{}}
,"C:\\Users\\Rc-2022\\Desktop\\Course Node JS Gaza Sky Geeks\\Task-7-Mini-Project-TypeScript-Express-Module-Architecture-\\src\\module\\courses\\courses.service.ts": {"path":"C:\\Users\\Rc-2022\\Desktop\\Course Node JS Gaza Sky Geeks\\Task-7-Mini-Project-TypeScript-Express-Module-Architecture-\\src\\module\\courses\\courses.service.ts","statementMap":{"0":{"start":{"line":2,"column":0},"end":{"line":2,"column":36}},"1":{"start":{"line":3,"column":0},"end":{"line":3,"column":53}},"2":{"start":{"line":4,"column":0},"end":{"line":4,"column":58}},"3":{"start":{"line":7,"column":30},"end":{"line":7,"column":32}},"4":{"start":{"line":10,"column":4},"end":{"line":10,"column":24}},"5":{"start":{"line":14,"column":4},"end":{"line":14,"column":47}},"6":{"start":{"line":14,"column":34},"end":{"line":14,"column":45}},"7":{"start":{"line":19,"column":4},"end":{"line":25,"column":5}},"8":{"start":{"line":20,"column":6},"end":{"line":24,"column":8}},"9":{"start":{"line":27,"column":16},"end":{"line":27,"column":26}},"10":{"start":{"line":28,"column":30},"end":{"line":36,"column":6}},"11":{"start":{"line":38,"column":4},"end":{"line":38,"column":33}},"12":{"start":{"line":39,"column":4},"end":{"line":39,"column":21}},"13":{"start":{"line":48,"column":19},"end":{"line":48,"column":35}},"14":{"start":{"line":49,"column":4},"end":{"line":49,"column":95}},"15":{"start":{"line":49,"column":17},"end":{"line":49,"column":95}},"16":{"start":{"line":51,"column":4},"end":{"line":53,"column":5}},"17":{"start":{"line":52,"column":6},"end":{"line":52,"column":78}},"18":{"start":{"line":55,"column":4},"end":{"line":55,"column":59}},"19":{"start":{"line":56,"column":4},"end":{"line":56,"column":18}},"20":{"start":{"line":64,"column":18},"end":{"line":64,"column":58}},"21":{"start":{"line":64,"column":46},"end":{"line":64,"column":57}},"22":{"start":{"line":65,"column":4},"end":{"line":65,"column":100}},"23":{"start":{"line":65,"column":22},"end":{"line":65,"column":100}},"24":{"start":{"line":67,"column":19},"end":{"line":67,"column":38}},"25":{"start":{"line":68,"column":4},"end":{"line":68,"column":95}},"26":{"start":{"line":68,"column":17},"end":{"line":68,"column":95}},"27":{"start":{"line":70,"column":4},"end":{"line":72,"column":5}},"28":{"start":{"line":71,"column":6},"end":{"line":71,"column":78}},"29":{"start":{"line":74,"column":4},"end":{"line":74,"column":34}},"30":{"start":{"line":78,"column":13},"end":{"line":78,"column":49}}},"fnMap":{"0":{"name":"(anonymous_0)","decl":{"start":{"line":9,"column":2},"end":{"line":9,"column":8}},"loc":{"start":{"line":9,"column":8},"end":{"line":11,"column":3}}},"1":{"name":"(anonymous_1)","decl":{"start":{"line":13,"column":2},"end":{"line":13,"column":9}},"loc":{"start":{"line":13,"column":20},"end":{"line":15,"column":3}}},"2":{"name":"(anonymous_2)","decl":{"start":{"line":14,"column":29},"end":{"line":14,"column":30}},"loc":{"start":{"line":14,"column":34},"end":{"line":14,"column":45}}},"3":{"name":"(anonymous_3)","decl":{"start":{"line":17,"column":2},"end":{"line":17,"column":8}},"loc":{"start":{"line":17,"column":32},"end":{"line":40,"column":3}}},"4":{"name":"(anonymous_4)","decl":{"start":{"line":42,"column":2},"end":{"line":42,"column":8}},"loc":{"start":{"line":46,"column":39},"end":{"line":57,"column":3}}},"5":{"name":"(anonymous_5)","decl":{"start":{"line":59,"column":2},"end":{"line":59,"column":8}},"loc":{"start":{"line":62,"column":39},"end":{"line":75,"column":3}}},"6":{"name":"(anonymous_6)","decl":{"start":{"line":64,"column":41},"end":{"line":64,"column":42}},"loc":{"start":{"line":64,"column":46},"end":{"line":64,"column":57}}}},"branchMap":{"0":{"loc":{"start":{"line":19,"column":4},"end":{"line":25,"column":5}},"type":"if","locations":[{"start":{"line":19,"column":4},"end":{"line":25,"column":5}},{"start":{},"end":{}}]},"1":{"loc":{"start":{"line":19,"column":8},"end":{"line":19,"column":65}},"type":"binary-expr","locations":[{"start":{"line":19,"column":8},"end":{"line":19,"column":21}},{"start":{"line":19,"column":25},"end":{"line":19,"column":44}},{"start":{"line":19,"column":48},"end":{"line":19,"column":65}}]},"2":{"loc":{"start":{"line":32,"column":13},"end":{"line":32,"column":31}},"type":"binary-expr","locations":[{"start":{"line":32,"column":13},"end":{"line":32,"column":25}},{"start":{"line":32,"column":29},"end":{"line":32,"column":31}}]},"3":{"loc":{"start":{"line":49,"column":4},"end":{"line":49,"column":95}},"type":"if","locations":[{"start":{"line":49,"column":4},"end":{"line":49,"column":95}},{"start":{},"end":{}}]},"4":{"loc":{"start":{"line":51,"column":4},"end":{"line":53,"column":5}},"type":"if","locations":[{"start":{"line":51,"column":4},"end":{"line":53,"column":5}},{"start":{},"end":{}}]},"5":{"loc":{"start":{"line":51,"column":8},"end":{"line":51,"column":55}},"type":"binary-expr","locations":[{"start":{"line":51,"column":8},"end":{"line":51,"column":24}},{"start":{"line":51,"column":28},"end":{"line":51,"column":55}}]},"6":{"loc":{"start":{"line":65,"column":4},"end":{"line":65,"column":100}},"type":"if","locations":[{"start":{"line":65,"column":4},"end":{"line":65,"column":100}},{"start":{},"end":{}}]},"7":{"loc":{"start":{"line":68,"column":4},"end":{"line":68,"column":95}},"type":"if","locations":[{"start":{"line":68,"column":4},"end":{"line":68,"column":95}},{"start":{},"end":{}}]},"8":{"loc":{"start":{"line":70,"column":4},"end":{"line":72,"column":5}},"type":"if","locations":[{"start":{"line":70,"column":4},"end":{"line":72,"column":5}},{"start":{},"end":{}}]},"9":{"loc":{"start":{"line":70,"column":8},"end":{"line":70,"column":55}},"type":"binary-expr","locations":[{"start":{"line":70,"column":8},"end":{"line":70,"column":24}},{"start":{"line":70,"column":28},"end":{"line":70,"column":55}}]}},"s":{"0":2,"1":2,"2":2,"3":2,"4":1,"5":3,"6":4,"7":3,"8":1,"9":2,"10":2,"11":2,"12":2,"13":1,"14":1,"15":0,"16":1,"17":0,"18":1,"19":1,"20":1,"21":1,"22":1,"23":0,"24":1,"25":1,"26":0,"27":1,"28":0,"29":1,"30":2},"f":{"0":1,"1":3,"2":4,"3":3,"4":1,"5":1,"6":1},"b":{"0":[1,2],"1":[3,2,2],"2":[2,2],"3":[0,1],"4":[0,1],"5":[1,0],"6":[0,1],"7":[0,1],"8":[0,1],"9":[1,0]}}
,"C:\\Users\\Rc-2022\\Desktop\\Course Node JS Gaza Sky Geeks\\Task-7-Mini-Project-TypeScript-Express-Module-Architecture-\\src\\module\\user\\user.controller.ts": {"path":"C:\\Users\\Rc-2022\\Desktop\\Course Node JS Gaza Sky Geeks\\Task-7-Mini-Project-TypeScript-Express-Module-Architecture-\\src\\module\\user\\user.controller.ts","statementMap":{"0":{"start":{"line":2,"column":0},"end":{"line":2,"column":45}},"1":{"start":{"line":3,"column":0},"end":{"line":3,"column":54}},"2":{"start":{"line":4,"column":0},"end":{"line":4,"column":53}},"3":{"start":{"line":5,"column":0},"end":{"line":5,"column":58}},"4":{"start":{"line":6,"column":0},"end":{"line":6,"column":73}},"5":{"start":{"line":10,"column":19},"end":{"line":10,"column":37}},"6":{"start":{"line":11,"column":4},"end":{"line":11,"column":93}},"7":{"start":{"line":11,"column":17},"end":{"line":11,"column":93}},"8":{"start":{"line":13,"column":17},"end":{"line":13,"column":44}},"9":{"start":{"line":14,"column":4},"end":{"line":14,"column":59}},"10":{"start":{"line":18,"column":19},"end":{"line":18,"column":37}},"11":{"start":{"line":19,"column":4},"end":{"line":19,"column":93}},"12":{"start":{"line":19,"column":17},"end":{"line":19,"column":93}},"13":{"start":{"line":21,"column":22},"end":{"line":21,"column":71}},"14":{"start":{"line":22,"column":20},"end":{"line":22,"column":57}},"15":{"start":{"line":23,"column":4},"end":{"line":23,"column":62}},"16":{"start":{"line":27,"column":22},"end":{"line":27,"column":72}},"17":{"start":{"line":29,"column":21},"end":{"line":29,"column":60}},"18":{"start":{"line":30,"column":4},"end":{"line":30,"column":90}},"19":{"start":{"line":30,"column":18},"end":{"line":30,"column":90}},"20":{"start":{"line":32,"column":18},"end":{"line":32,"column":69}},"21":{"start":{"line":33,"column":4},"end":{"line":33,"column":60}},"22":{"start":{"line":37,"column":13},"end":{"line":37,"column":51}}},"fnMap":{"0":{"name":"(anonymous_0)","decl":{"start":{"line":9,"column":2},"end":{"line":9,"column":7}},"loc":{"start":{"line":9,"column":41},"end":{"line":15,"column":3}}},"1":{"name":"(anonymous_1)","decl":{"start":{"line":17,"column":2},"end":{"line":17,"column":7}},"loc":{"start":{"line":17,"column":44},"end":{"line":24,"column":3}}},"2":{"name":"(anonymous_2)","decl":{"start":{"line":26,"column":2},"end":{"line":26,"column":7}},"loc":{"start":{"line":26,"column":47},"end":{"line":34,"column":3}}}},"branchMap":{"0":{"loc":{"start":{"line":11,"column":4},"end":{"line":11,"column":93}},"type":"if","locations":[{"start":{"line":11,"column":4},"end":{"line":11,"column":93}},{"start":{},"end":{}}]},"1":{"loc":{"start":{"line":19,"column":4},"end":{"line":19,"column":93}},"type":"if","locations":[{"start":{"line":19,"column":4},"end":{"line":19,"column":93}},{"start":{},"end":{}}]},"2":{"loc":{"start":{"line":30,"column":4},"end":{"line":30,"column":90}},"type":"if","locations":[{"start":{"line":30,"column":4},"end":{"line":30,"column":90}},{"start":{},"end":{}}]}},"s":{"0":2,"1":2,"2":2,"3":2,"4":2,"5":0,"6":0,"7":0,"8":0,"9":0,"10":0,"11":0,"12":0,"13":0,"14":0,"15":0,"16":0,"17":0,"18":0,"19":0,"20":0,"21":0,"22":2},"f":{"0":0,"1":0,"2":0},"b":{"0":[0,0],"1":[0,0],"2":[0,0]}}
,"C:\\Users\\Rc-2022\\Desktop\\Course Node JS Gaza Sky Geeks\\Task-7-Mini-Project-TypeScript-Express-Module-Architecture-\\src\\module\\user\\user.routes.ts": {"path":"C:\\Users\\Rc-2022\\Desktop\\Course Node JS Gaza Sky Geeks\\Task-7-Mini-Project-TypeScript-Express-Module-Architecture-\\src\\module\\user\\user.routes.ts","statementMap":{"0":{"start":{"line":1,"column":0},"end":{"line":1,"column":33}},"1":{"start":{"line":2,"column":0},"end":{"line":2,"column":51}},"2":{"start":{"line":3,"column":0},"end":{"line":3,"column":79}},"3":{"start":{"line":5,"column":15},"end":{"line":5,"column":23}},"4":{"start":{"line":7,"column":0},"end":{"line":7,"column":78}},"5":{"start":{"line":9,"column":0},"end":{"line":9,"column":81}},"6":{"start":{"line":11,"column":0},"end":{"line":16,"column":2}},"7":{"start":{"line":18,"column":0},"end":{"line":18,"column":22}}},"fnMap":{},"branchMap":{},"s":{"0":2,"1":2,"2":2,"3":2,"4":2,"5":2,"6":2,"7":2},"f":{},"b":{}}
,"C:\\Users\\Rc-2022\\Desktop\\Course Node JS Gaza Sky Geeks\\Task-7-Mini-Project-TypeScript-Express-Module-Architecture-\\src\\module\\user\\user.service.ts": {"path":"C:\\Users\\Rc-2022\\Desktop\\Course Node JS Gaza Sky Geeks\\Task-7-Mini-Project-TypeScript-Express-Module-Architecture-\\src\\module\\user\\user.service.ts","statementMap":{"0":{"start":{"line":2,"column":0},"end":{"line":2,"column":36}},"1":{"start":{"line":3,"column":0},"end":{"line":3,"column":53}},"2":{"start":{"line":4,"column":0},"end":{"line":4,"column":58}},"3":{"start":{"line":7,"column":26},"end":{"line":7,"column":28}},"4":{"start":{"line":10,"column":4},"end":{"line":10,"column":22}},"5":{"start":{"line":14,"column":4},"end":{"line":14,"column":45}},"6":{"start":{"line":14,"column":32},"end":{"line":14,"column":43}},"7":{"start":{"line":18,"column":4},"end":{"line":18,"column":51}},"8":{"start":{"line":18,"column":32},"end":{"line":18,"column":49}},"9":{"start":{"line":22,"column":4},"end":{"line":22,"column":30}},"10":{"start":{"line":26,"column":16},"end":{"line":26,"column":26}},"11":{"start":{"line":27,"column":23},"end":{"line":35,"column":6}},"12":{"start":{"line":36,"column":4},"end":{"line":36,"column":26}},"13":{"start":{"line":37,"column":4},"end":{"line":37,"column":16}},"14":{"start":{"line":41,"column":17},"end":{"line":41,"column":33}},"15":{"start":{"line":42,"column":4},"end":{"line":42,"column":89}},"16":{"start":{"line":42,"column":15},"end":{"line":42,"column":89}},"17":{"start":{"line":44,"column":4},"end":{"line":44,"column":57}},"18":{"start":{"line":45,"column":4},"end":{"line":45,"column":16}},"19":{"start":{"line":49,"column":18},"end":{"line":49,"column":56}},"20":{"start":{"line":49,"column":44},"end":{"line":49,"column":55}},"21":{"start":{"line":50,"column":4},"end":{"line":50,"column":96}},"22":{"start":{"line":50,"column":22},"end":{"line":50,"column":96}},"23":{"start":{"line":52,"column":4},"end":{"line":52,"column":32}},"24":{"start":{"line":56,"column":13},"end":{"line":56,"column":45}}},"fnMap":{"0":{"name":"(anonymous_0)","decl":{"start":{"line":9,"column":2},"end":{"line":9,"column":8}},"loc":{"start":{"line":9,"column":8},"end":{"line":11,"column":3}}},"1":{"name":"(anonymous_1)","decl":{"start":{"line":13,"column":2},"end":{"line":13,"column":9}},"loc":{"start":{"line":13,"column":20},"end":{"line":15,"column":3}}},"2":{"name":"(anonymous_2)","decl":{"start":{"line":14,"column":27},"end":{"line":14,"column":28}},"loc":{"start":{"line":14,"column":32},"end":{"line":14,"column":43}}},"3":{"name":"(anonymous_3)","decl":{"start":{"line":17,"column":2},"end":{"line":17,"column":12}},"loc":{"start":{"line":17,"column":26},"end":{"line":19,"column":3}}},"4":{"name":"(anonymous_4)","decl":{"start":{"line":18,"column":27},"end":{"line":18,"column":28}},"loc":{"start":{"line":18,"column":32},"end":{"line":18,"column":49}}},"5":{"name":"(anonymous_5)","decl":{"start":{"line":21,"column":2},"end":{"line":21,"column":15}},"loc":{"start":{"line":21,"column":26},"end":{"line":23,"column":3}}},"6":{"name":"(anonymous_6)","decl":{"start":{"line":25,"column":2},"end":{"line":25,"column":8}},"loc":{"start":{"line":25,"column":28},"end":{"line":38,"column":3}}},"7":{"name":"(anonymous_7)","decl":{"start":{"line":40,"column":2},"end":{"line":40,"column":8}},"loc":{"start":{"line":40,"column":40},"end":{"line":46,"column":3}}},"8":{"name":"(anonymous_8)","decl":{"start":{"line":48,"column":2},"end":{"line":48,"column":8}},"loc":{"start":{"line":48,"column":19},"end":{"line":53,"column":3}}},"9":{"name":"(anonymous_9)","decl":{"start":{"line":49,"column":39},"end":{"line":49,"column":40}},"loc":{"start":{"line":49,"column":44},"end":{"line":49,"column":55}}}},"branchMap":{"0":{"loc":{"start":{"line":32,"column":12},"end":{"line":32,"column":34}},"type":"binary-expr","locations":[{"start":{"line":32,"column":12},"end":{"line":32,"column":21}},{"start":{"line":32,"column":25},"end":{"line":32,"column":34}}]},"1":{"loc":{"start":{"line":42,"column":4},"end":{"line":42,"column":89}},"type":"if","locations":[{"start":{"line":42,"column":4},"end":{"line":42,"column":89}},{"start":{},"end":{}}]},"2":{"loc":{"start":{"line":50,"column":4},"end":{"line":50,"column":96}},"type":"if","locations":[{"start":{"line":50,"column":4},"end":{"line":50,"column":96}},{"start":{},"end":{}}]}},"s":{"0":2,"1":2,"2":2,"3":2,"4":0,"5":0,"6":0,"7":0,"8":0,"9":0,"10":0,"11":0,"12":0,"13":0,"14":0,"15":0,"16":0,"17":0,"18":0,"19":0,"20":0,"21":0,"22":0,"23":0,"24":2},"f":{"0":0,"1":0,"2":0,"3":0,"4":0,"5":0,"6":0,"7":0,"8":0,"9":0},"b":{"0":[0,0],"1":[0,0],"2":[0,0]}}
,"C:\\Users\\Rc-2022\\Desktop\\Course Node JS Gaza Sky Geeks\\Task-7-Mini-Project-TypeScript-Express-Module-Architecture-\\src\\module\\user\\util\\user.schema.ts": {"path":"C:\\Users\\Rc-2022\\Desktop\\Course Node JS Gaza Sky Geeks\\Task-7-Mini-Project-TypeScript-Express-Module-Architecture-\\src\\module\\user\\util\\user.schema.ts","statementMap":{"0":{"start":{"line":1,"column":0},"end":{"line":1,"column":24}},"1":{"start":{"line":3,"column":13},"end":{"line":6,"column":3}},"2":{"start":{"line":8,"column":13},"end":{"line":12,"column":3}}},"fnMap":{},"branchMap":{},"s":{"0":2,"1":2,"2":2},"f":{},"b":{}}
,"C:\\Users\\Rc-2022\\Desktop\\Course Node JS Gaza Sky Geeks\\Task-7-Mini-Project-TypeScript-Express-Module-Architecture-\\src\\shared\\auth.middleware.ts": {"path":"C:\\Users\\Rc-2022\\Desktop\\Course Node JS Gaza Sky Geeks\\Task-7-Mini-Project-TypeScript-Express-Module-Architecture-\\src\\shared\\auth.middleware.ts","statementMap":{"0":{"start":{"line":3,"column":0},"end":{"line":3,"column":58}},"1":{"start":{"line":4,"column":0},"end":{"line":4,"column":42}},"2":{"start":{"line":5,"column":0},"end":{"line":5,"column":47}},"3":{"start":{"line":6,"column":0},"end":{"line":6,"column":57}},"4":{"start":{"line":8,"column":31},"end":{"line":26,"column":1}},"5":{"start":{"line":9,"column":21},"end":{"line":9,"column":46}},"6":{"start":{"line":11,"column":2},"end":{"line":13,"column":3}},"7":{"start":{"line":12,"column":4},"end":{"line":12,"column":100}},"8":{"start":{"line":15,"column":16},"end":{"line":15,"column":49}},"9":{"start":{"line":16,"column":2},"end":{"line":25,"column":3}},"10":{"start":{"line":17,"column":20},"end":{"line":17,"column":43}},"11":{"start":{"line":19,"column":5},"end":{"line":19,"column":64}},"12":{"start":{"line":20,"column":5},"end":{"line":20,"column":45}},"13":{"start":{"line":22,"column":4},"end":{"line":22,"column":18}},"14":{"start":{"line":24,"column":4},"end":{"line":24,"column":100}},"15":{"start":{"line":8,"column":13},"end":{"line":8,"column":31}},"16":{"start":{"line":28,"column":30},"end":{"line":49,"column":1}},"17":{"start":{"line":29,"column":2},"end":{"line":48,"column":4}},"18":{"start":{"line":30,"column":20},"end":{"line":30,"column":46}},"19":{"start":{"line":31,"column":22},"end":{"line":31,"column":46}},"20":{"start":{"line":33,"column":4},"end":{"line":35,"column":5}},"21":{"start":{"line":34,"column":6},"end":{"line":34,"column":102}},"22":{"start":{"line":37,"column":17},"end":{"line":37,"column":44}},"23":{"start":{"line":39,"column":4},"end":{"line":41,"column":5}},"24":{"start":{"line":40,"column":6},"end":{"line":40,"column":91}},"25":{"start":{"line":43,"column":4},"end":{"line":45,"column":5}},"26":{"start":{"line":44,"column":6},"end":{"line":44,"column":102}},"27":{"start":{"line":47,"column":4},"end":{"line":47,"column":11}},"28":{"start":{"line":28,"column":13},"end":{"line":28,"column":30}}},"fnMap":{"0":{"name":"(anonymous_0)","decl":{"start":{"line":8,"column":31},"end":{"line":8,"column":32}},"loc":{"start":{"line":8,"column":84},"end":{"line":26,"column":1}}},"1":{"name":"(anonymous_1)","decl":{"start":{"line":28,"column":30},"end":{"line":28,"column":31}},"loc":{"start":{"line":28,"column":78},"end":{"line":49,"column":1}}},"2":{"name":"(anonymous_2)","decl":{"start":{"line":29,"column":9},"end":{"line":29,"column":10}},"loc":{"start":{"line":29,"column":62},"end":{"line":48,"column":3}}}},"branchMap":{"0":{"loc":{"start":{"line":11,"column":2},"end":{"line":13,"column":3}},"type":"if","locations":[{"start":{"line":11,"column":2},"end":{"line":13,"column":3}},{"start":{},"end":{}}]},"1":{"loc":{"start":{"line":19,"column":34},"end":{"line":19,"column":63}},"type":"binary-expr","locations":[{"start":{"line":19,"column":34},"end":{"line":19,"column":48}},{"start":{"line":19,"column":52},"end":{"line":19,"column":63}}]},"2":{"loc":{"start":{"line":33,"column":4},"end":{"line":35,"column":5}},"type":"if","locations":[{"start":{"line":33,"column":4},"end":{"line":35,"column":5}},{"start":{},"end":{}}]},"3":{"loc":{"start":{"line":39,"column":4},"end":{"line":41,"column":5}},"type":"if","locations":[{"start":{"line":39,"column":4},"end":{"line":41,"column":5}},{"start":{},"end":{}}]},"4":{"loc":{"start":{"line":43,"column":4},"end":{"line":45,"column":5}},"type":"if","locations":[{"start":{"line":43,"column":4},"end":{"line":45,"column":5}},{"start":{},"end":{}}]}},"s":{"0":2,"1":2,"2":2,"3":2,"4":2,"5":7,"6":7,"7":0,"8":7,"9":7,"10":7,"11":7,"12":7,"13":7,"14":0,"15":2,"16":2,"17":8,"18":7,"19":7,"20":7,"21":0,"22":7,"23":7,"24":0,"25":7,"26":2,"27":5,"28":2},"f":{"0":7,"1":8,"2":7},"b":{"0":[0,7],"1":[7,0],"2":[0,7],"3":[0,7],"4":[2,5]}}
,"C:\\Users\\Rc-2022\\Desktop\\Course Node JS Gaza Sky Geeks\\Task-7-Mini-Project-TypeScript-Express-Module-Architecture-\\src\\shared\\exception.ts": {"path":"C:\\Users\\Rc-2022\\Desktop\\Course Node JS Gaza Sky Geeks\\Task-7-Mini-Project-TypeScript-Express-Module-Architecture-\\src\\shared\\exception.ts","statementMap":{"0":{"start":{"line":6,"column":21},"end":{"line":6,"column":29}},"1":{"start":{"line":12,"column":4},"end":{"line":12,"column":15}},"2":{"start":{"line":9,"column":11},"end":{"line":9,"column":37}},"3":{"start":{"line":10,"column":11},"end":{"line":10,"column":38}},"4":{"start":{"line":5,"column":0},"end":{"line":5,"column":13}},"5":{"start":{"line":16,"column":27},"end":{"line":24,"column":1}},"6":{"start":{"line":17,"column":2},"end":{"line":21,"column":3}},"7":{"start":{"line":18,"column":4},"end":{"line":18,"column":38}},"8":{"start":{"line":19,"column":4},"end":{"line":19,"column":53}},"9":{"start":{"line":20,"column":4},"end":{"line":20,"column":11}},"10":{"start":{"line":22,"column":2},"end":{"line":22,"column":46}},"11":{"start":{"line":23,"column":2},"end":{"line":23,"column":42}},"12":{"start":{"line":16,"column":13},"end":{"line":16,"column":27}}},"fnMap":{"0":{"name":"(anonymous_0)","decl":{"start":{"line":7,"column":2},"end":{"line":7,"column":null}},"loc":{"start":{"line":10,"column":38},"end":{"line":13,"column":3}}},"1":{"name":"(anonymous_1)","decl":{"start":{"line":16,"column":27},"end":{"line":16,"column":28}},"loc":{"start":{"line":16,"column":61},"end":{"line":24,"column":1}}}},"branchMap":{"0":{"loc":{"start":{"line":17,"column":2},"end":{"line":21,"column":3}},"type":"if","locations":[{"start":{"line":17,"column":2},"end":{"line":21,"column":3}},{"start":{},"end":{}}]}},"s":{"0":4,"1":4,"2":4,"3":4,"4":2,"5":2,"6":4,"7":4,"8":4,"9":4,"10":0,"11":0,"12":2},"f":{"0":4,"1":4},"b":{"0":[4,0]}}
,"C:\\Users\\Rc-2022\\Desktop\\Course Node JS Gaza Sky Geeks\\Task-7-Mini-Project-TypeScript-Express-Module-Architecture-\\src\\shared\\util.ts": {"path":"C:\\Users\\Rc-2022\\Desktop\\Course Node JS Gaza Sky Geeks\\Task-7-Mini-Project-TypeScript-Express-Module-Architecture-\\src\\shared\\util.ts","statementMap":{"0":{"start":{"line":3,"column":29},"end":{"line":9,"column":1}},"1":{"start":{"line":6,"column":19},"end":{"line":6,"column":39}},"2":{"start":{"line":7,"column":2},"end":{"line":7,"column":62}},"3":{"start":{"line":7,"column":17},"end":{"line":7,"column":62}},"4":{"start":{"line":8,"column":2},"end":{"line":8,"column":18}},"5":{"start":{"line":3,"column":13},"end":{"line":3,"column":29}}},"fnMap":{"0":{"name":"(anonymous_0)","decl":{"start":{"line":3,"column":29},"end":{"line":3,"column":null}},"loc":{"start":{"line":5,"column":15},"end":{"line":9,"column":1}}}},"branchMap":{"0":{"loc":{"start":{"line":7,"column":2},"end":{"line":7,"column":62}},"type":"if","locations":[{"start":{"line":7,"column":2},"end":{"line":7,"column":62}},{"start":{},"end":{}}]}},"s":{"0":2,"1":10,"2":10,"3":0,"4":10,"5":2},"f":{"0":10},"b":{"0":[0,10]}}
,"C:\\Users\\Rc-2022\\Desktop\\Course Node JS Gaza Sky Geeks\\Task-7-Mini-Project-TypeScript-Express-Module-Architecture-\\src\\shared\\util.types.ts": {"path":"C:\\Users\\Rc-2022\\Desktop\\Course Node JS Gaza Sky Geeks\\Task-7-Mini-Project-TypeScript-Express-Module-Architecture-\\src\\shared\\util.types.ts","statementMap":{"0":{"start":{"line":1,"column":0},"end":{"line":1,"column":null}},"1":{"start":{"line":2,"column":2},"end":{"line":2,"column":null}},"2":{"start":{"line":3,"column":2},"end":{"line":3,"column":null}},"3":{"start":{"line":4,"column":2},"end":{"line":4,"column":null}},"4":{"start":{"line":5,"column":2},"end":{"line":5,"column":null}},"5":{"start":{"line":6,"column":2},"end":{"line":6,"column":null}},"6":{"start":{"line":7,"column":2},"end":{"line":7,"column":null}}},"fnMap":{"0":{"name":"(anonymous_0)","decl":{"start":{"line":1,"column":0},"end":{"line":1,"column":12}},"loc":{"start":{"line":1,"column":27},"end":{"line":8,"column":1}}}},"branchMap":{"0":{"loc":{"start":{"line":1,"column":12},"end":{"line":1,"column":null}},"type":"binary-expr","locations":[{"start":{"line":1,"column":12},"end":{"line":1,"column":27}},{"start":{"line":1,"column":27},"end":{"line":1,"column":null}}]}},"s":{"0":2,"1":2,"2":2,"3":2,"4":2,"5":2,"6":2},"f":{"0":2},"b":{"0":[2,2]}}
,"C:\\Users\\Rc-2022\\Desktop\\Course Node JS Gaza Sky Geeks\\Task-7-Mini-Project-TypeScript-Express-Module-Architecture-\\src\\shared\\zod.util.ts": {"path":"C:\\Users\\Rc-2022\\Desktop\\Course Node JS Gaza Sky Geeks\\Task-7-Mini-Project-TypeScript-Express-Module-Architecture-\\src\\shared\\zod.util.ts","statementMap":{"0":{"start":{"line":1,"column":0},"end":{"line":1,"column":40}},"1":{"start":{"line":2,"column":0},"end":{"line":2,"column":42}},"2":{"start":{"line":4,"column":0},"end":{"line":4,"column":47}},"3":{"start":{"line":6,"column":29},"end":{"line":24,"column":1}},"4":{"start":{"line":11,"column":2},"end":{"line":23,"column":3}},"5":{"start":{"line":12,"column":21},"end":{"line":12,"column":42}},"6":{"start":{"line":13,"column":4},"end":{"line":13,"column":20}},"7":{"start":{"line":15,"column":4},"end":{"line":21,"column":5}},"8":{"start":{"line":16,"column":6},"end":{"line":20,"column":8}},"9":{"start":{"line":22,"column":4},"end":{"line":22,"column":16}},"10":{"start":{"line":6,"column":13},"end":{"line":6,"column":29}}},"fnMap":{"0":{"name":"(anonymous_0)","decl":{"start":{"line":6,"column":29},"end":{"line":6,"column":null}},"loc":{"start":{"line":10,"column":4},"end":{"line":24,"column":1}}}},"branchMap":{"0":{"loc":{"start":{"line":15,"column":4},"end":{"line":21,"column":5}},"type":"if","locations":[{"start":{"line":15,"column":4},"end":{"line":21,"column":5}},{"start":{},"end":{}}]}},"s":{"0":2,"1":2,"2":2,"3":2,"4":0,"5":0,"6":0,"7":0,"8":0,"9":0,"10":2},"f":{"0":0},"b":{"0":[0,0]}}
}
