TN:
SF:src\server.ts
FN:26,(anonymous_1)
FN:30,(anonymous_2)
FN:38,(anonymous_3)
FNF:3
FNH:1
FNDA:0,(anonymous_1)
FNDA:4,(anonymous_2)
FNDA:0,(anonymous_3)
DA:2,2
DA:3,2
DA:4,2
DA:5,2
DA:6,2
DA:7,2
DA:8,2
DA:9,2
DA:11,2
DA:13,2
DA:14,2
DA:22,2
DA:23,2
DA:24,2
DA:26,2
DA:27,0
DA:30,2
DA:31,4
DA:34,2
DA:37,2
DA:38,0
DA:39,0
LF:22
LH:19
BRDA:37,0,0,0
BRDA:37,0,1,2
BRF:2
BRH:1
end_of_record
TN:
SF:src\config\app.config.ts
FNF:0
FNH:0
DA:1,2
DA:3,2
DA:4,2
DA:5,2
DA:6,2
LF:5
LH:5
BRF:0
BRH:0
end_of_record
TN:
SF:src\config\multer.config.ts
FN:8,(anonymous_1)
FN:11,(anonymous_2)
FN:19,(anonymous_3)
FN:28,(anonymous_4)
FN:29,(anonymous_5)
FNF:5
FNH:1
FNDA:0,(anonymous_1)
FNDA:0,(anonymous_2)
FNDA:0,(anonymous_3)
FNDA:4,(anonymous_4)
FNDA:0,(anonymous_5)
DA:1,2
DA:2,2
DA:4,2
DA:6,2
DA:9,0
DA:12,0
DA:13,0
DA:20,0
DA:21,0
DA:23,0
DA:28,4
DA:29,2
LF:12
LH:6
BRDA:20,0,0,0
BRDA:20,0,1,0
BRF:2
BRH:0
end_of_record
TN:
SF:src\module\auth\auth.controller.ts
FN:6,(anonymous_0)
FN:14,(anonymous_1)
FNF:2
FNH:0
FNDA:0,(anonymous_0)
FNDA:0,(anonymous_1)
DA:2,2
DA:7,0
DA:9,0
DA:15,0
DA:16,0
DA:20,2
LF:6
LH:2
BRF:0
BRH:0
end_of_record
TN:
SF:src\module\auth\auth.routes.ts
FNF:0
FNH:0
DA:1,2
DA:2,2
DA:4,2
DA:6,2
DA:7,2
DA:9,2
LF:6
LH:6
BRF:0
BRH:0
end_of_record
TN:
SF:src\module\auth\auth.service.ts
FN:9,(anonymous_0)
FN:21,(anonymous_1)
FNF:2
FNH:0
FNDA:0,(anonymous_0)
FNDA:0,(anonymous_1)
DA:1,2
DA:3,2
DA:4,2
DA:5,2
DA:6,2
DA:10,0
DA:11,0
DA:12,0
DA:15,0
DA:16,0
DA:17,0
DA:18,0
DA:22,0
DA:23,0
DA:24,0
DA:27,0
DA:28,0
DA:29,0
DA:32,0
DA:33,0
DA:34,0
DA:38,2
LF:22
LH:6
BRDA:11,0,0,0
BRDA:11,0,1,0
BRDA:23,1,0,0
BRDA:23,1,1,0
BRDA:28,2,0,0
BRDA:28,2,1,0
BRF:6
BRH:0
end_of_record
TN:
SF:src\module\auth\util\argon.util.ts
FN:3,(anonymous_1)
FN:7,(anonymous_2)
FNF:2
FNH:1
FNDA:7,(anonymous_1)
FNDA:0,(anonymous_2)
DA:1,2
DA:3,2
DA:4,7
DA:7,2
DA:8,0
LF:5
LH:4
BRF:0
BRH:0
end_of_record
TN:
SF:src\module\auth\util\jwt.util.ts
FN:6,(anonymous_1)
FN:11,(anonymous_2)
FNF:2
FNH:2
FNDA:7,(anonymous_1)
FNDA:7,(anonymous_2)
DA:1,2
DA:2,2
DA:4,2
DA:6,2
DA:7,7
DA:8,7
DA:11,2
DA:12,7
LF:8
LH:8
BRF:0
BRH:0
end_of_record
TN:
SF:src\module\courses\courses.controller.ts
FN:7,(anonymous_0)
FN:16,(anonymous_1)
FN:30,(anonymous_2)
FN:42,(anonymous_3)
FN:59,(anonymous_4)
FNF:5
FNH:5
FNDA:1,(anonymous_0)
FNDA:2,(anonymous_1)
FNDA:3,(anonymous_2)
FNDA:1,(anonymous_3)
FNDA:1,(anonymous_4)
DA:2,2
DA:3,2
DA:4,2
DA:6,2
DA:8,1
DA:9,1
DA:10,1
DA:12,0
DA:17,2
DA:18,2
DA:19,2
DA:21,2
DA:22,2
DA:24,1
DA:26,1
DA:31,3
DA:32,3
DA:33,3
DA:35,3
DA:36,2
DA:38,1
DA:43,1
DA:44,1
DA:45,1
DA:46,1
DA:48,1
DA:49,0
DA:52,1
DA:53,1
DA:55,0
DA:60,1
DA:61,1
DA:62,1
DA:63,1
DA:65,1
DA:66,0
DA:69,1
DA:70,1
DA:72,0
DA:77,2
LF:40
LH:35
BRDA:19,0,0,0
BRDA:19,0,1,2
BRDA:22,1,0,1
BRDA:22,1,1,1
BRDA:33,2,0,0
BRDA:33,2,1,3
BRDA:48,3,0,0
BRDA:48,3,1,1
BRDA:48,4,0,1
BRDA:48,4,1,1
BRDA:48,4,2,1
BRDA:65,5,0,0
BRDA:65,5,1,1
BRDA:65,6,0,1
BRDA:65,6,1,1
BRDA:65,6,2,1
BRF:16
BRH:12
end_of_record
TN:
SF:src\module\courses\courses.routes.ts
FNF:0
FNH:0
DA:1,2
DA:2,2
DA:3,2
DA:4,2
DA:7,2
DA:9,2
DA:10,2
DA:12,2
DA:20,2
DA:28,2
DA:35,2
LF:11
LH:11
BRF:0
BRH:0
end_of_record
TN:
SF:src\module\courses\courses.service.ts
FN:9,(anonymous_0)
FN:13,(anonymous_1)
FN:14,(anonymous_2)
FN:17,(anonymous_3)
FN:42,(anonymous_4)
FN:59,(anonymous_5)
FN:64,(anonymous_6)
FNF:7
FNH:7
FNDA:1,(anonymous_0)
FNDA:3,(anonymous_1)
FNDA:4,(anonymous_2)
FNDA:3,(anonymous_3)
FNDA:1,(anonymous_4)
FNDA:1,(anonymous_5)
FNDA:1,(anonymous_6)
DA:2,2
DA:3,2
DA:4,2
DA:7,2
DA:10,1
DA:14,4
DA:19,3
DA:20,1
DA:27,2
DA:28,2
DA:38,2
DA:39,2
DA:48,1
DA:49,1
DA:51,1
DA:52,0
DA:55,1
DA:56,1
DA:64,1
DA:65,1
DA:67,1
DA:68,1
DA:70,1
DA:71,0
DA:74,1
DA:78,2
LF:26
LH:24
BRDA:19,0,0,1
BRDA:19,0,1,2
BRDA:19,1,0,3
BRDA:19,1,1,2
BRDA:19,1,2,2
BRDA:32,2,0,2
BRDA:32,2,1,2
BRDA:49,3,0,0
BRDA:49,3,1,1
BRDA:51,4,0,0
BRDA:51,4,1,1
BRDA:51,5,0,1
BRDA:51,5,1,0
BRDA:65,6,0,0
BRDA:65,6,1,1
BRDA:68,7,0,0
BRDA:68,7,1,1
BRDA:70,8,0,0
BRDA:70,8,1,1
BRDA:70,9,0,1
BRDA:70,9,1,0
BRF:21
BRH:14
end_of_record
TN:
SF:src\module\user\user.controller.ts
FN:9,(anonymous_0)
FN:17,(anonymous_1)
FN:26,(anonymous_2)
FNF:3
FNH:0
FNDA:0,(anonymous_0)
FNDA:0,(anonymous_1)
FNDA:0,(anonymous_2)
DA:2,2
DA:3,2
DA:4,2
DA:5,2
DA:6,2
DA:10,0
DA:11,0
DA:13,0
DA:14,0
DA:18,0
DA:19,0
DA:21,0
DA:22,0
DA:23,0
DA:27,0
DA:29,0
DA:30,0
DA:32,0
DA:33,0
DA:37,2
LF:20
LH:6
BRDA:11,0,0,0
BRDA:11,0,1,0
BRDA:19,1,0,0
BRDA:19,1,1,0
BRDA:30,2,0,0
BRDA:30,2,1,0
BRF:6
BRH:0
end_of_record
TN:
SF:src\module\user\user.routes.ts
FNF:0
FNH:0
DA:1,2
DA:2,2
DA:3,2
DA:5,2
DA:7,2
DA:9,2
DA:11,2
DA:18,2
LF:8
LH:8
BRF:0
BRH:0
end_of_record
TN:
SF:src\module\user\user.service.ts
FN:9,(anonymous_0)
FN:13,(anonymous_1)
FN:14,(anonymous_2)
FN:17,(anonymous_3)
FN:18,(anonymous_4)
FN:21,(anonymous_5)
FN:25,(anonymous_6)
FN:40,(anonymous_7)
FN:48,(anonymous_8)
FN:49,(anonymous_9)
FNF:10
FNH:0
FNDA:0,(anonymous_0)
FNDA:0,(anonymous_1)
FNDA:0,(anonymous_2)
FNDA:0,(anonymous_3)
FNDA:0,(anonymous_4)
FNDA:0,(anonymous_5)
FNDA:0,(anonymous_6)
FNDA:0,(anonymous_7)
FNDA:0,(anonymous_8)
FNDA:0,(anonymous_9)
DA:2,2
DA:3,2
DA:4,2
DA:7,2
DA:10,0
DA:14,0
DA:18,0
DA:22,0
DA:26,0
DA:27,0
DA:36,0
DA:37,0
DA:41,0
DA:42,0
DA:44,0
DA:45,0
DA:49,0
DA:50,0
DA:52,0
DA:56,2
LF:20
LH:5
BRDA:32,0,0,0
BRDA:32,0,1,0
BRDA:42,1,0,0
BRDA:42,1,1,0
BRDA:50,2,0,0
BRDA:50,2,1,0
BRF:6
BRH:0
end_of_record
TN:
SF:src\module\user\util\user.schema.ts
FNF:0
FNH:0
DA:1,2
DA:3,2
DA:8,2
LF:3
LH:3
BRF:0
BRH:0
end_of_record
TN:
SF:src\shared\auth.middleware.ts
FN:8,(anonymous_0)
FN:28,(anonymous_1)
FN:29,(anonymous_2)
FNF:3
FNH:3
FNDA:7,(anonymous_0)
FNDA:8,(anonymous_1)
FNDA:7,(anonymous_2)
DA:3,2
DA:4,2
DA:5,2
DA:6,2
DA:8,2
DA:9,7
DA:11,7
DA:12,0
DA:15,7
DA:16,7
DA:17,7
DA:19,7
DA:20,7
DA:22,7
DA:24,0
DA:28,2
DA:29,8
DA:30,7
DA:31,7
DA:33,7
DA:34,0
DA:37,7
DA:39,7
DA:40,0
DA:43,7
DA:44,2
DA:47,5
LF:27
LH:23
BRDA:11,0,0,0
BRDA:11,0,1,7
BRDA:19,1,0,7
BRDA:19,1,1,0
BRDA:33,2,0,0
BRDA:33,2,1,7
BRDA:39,3,0,0
BRDA:39,3,1,7
BRDA:43,4,0,2
BRDA:43,4,1,5
BRF:10
BRH:6
end_of_record
TN:
SF:src\shared\exception.ts
FN:7,(anonymous_0)
FN:16,(anonymous_1)
FNF:2
FNH:2
FNDA:4,(anonymous_0)
FNDA:4,(anonymous_1)
DA:5,2
DA:6,4
DA:9,4
DA:10,4
DA:12,4
DA:16,2
DA:17,4
DA:18,4
DA:19,4
DA:20,4
DA:22,0
DA:23,0
LF:12
LH:10
BRDA:17,0,0,4
BRDA:17,0,1,0
BRF:2
BRH:1
end_of_record
TN:
SF:src\shared\util.ts
FN:3,(anonymous_0)
FNF:1
FNH:1
FNDA:10,(anonymous_0)
DA:3,2
DA:6,10
DA:7,10
DA:8,10
LF:4
LH:4
BRDA:7,0,0,0
BRDA:7,0,1,10
BRF:2
BRH:1
end_of_record
TN:
SF:src\shared\util.types.ts
FN:1,(anonymous_0)
FNF:1
FNH:1
FNDA:2,(anonymous_0)
DA:1,2
DA:2,2
DA:3,2
DA:4,2
DA:5,2
DA:6,2
DA:7,2
LF:7
LH:7
BRDA:1,0,0,2
BRDA:1,0,1,2
BRF:2
BRH:2
end_of_record
TN:
SF:src\shared\zod.util.ts
FN:6,(anonymous_0)
FNF:1
FNH:0
FNDA:0,(anonymous_0)
DA:1,2
DA:2,2
DA:4,2
DA:6,2
DA:11,0
DA:12,0
DA:13,0
DA:15,0
DA:16,0
DA:22,0
LF:10
LH:4
BRDA:15,0,0,0
BRDA:15,0,1,0
BRF:2
BRH:0
end_of_record
